2021-03-07 07:45:51,786 [localhost-startStop-1] ERROR StackTrace  - Full Stack Trace:
java.lang.ClassNotFoundException: net.sf.ehcache.hibernate.EnCacheRegionFactory
	at java.net.URLClassLoader.findClass(URLClassLoader.java:382)
	at java.lang.ClassLoader.loadClass(ClassLoader.java:419)
	at groovy.lang.GroovyClassLoader.loadClass(GroovyClassLoader.java:655)
	at groovy.lang.GroovyClassLoader.loadClass(GroovyClassLoader.java:765)
	at groovy.lang.GroovyClassLoader.loadClass(GroovyClassLoader.java:753)
	at groovy.lang.GroovyClassLoader$loadClass.call(Unknown Source)
	at org.codehaus.groovy.runtime.callsite.CallSiteArray.defaultCall(CallSiteArray.java:45)
	at org.codehaus.groovy.runtime.callsite.AbstractCallSite.call(AbstractCallSite.java:108)
	at org.codehaus.groovy.runtime.callsite.AbstractCallSite.call(AbstractCallSite.java:116)
	at grails.plugin.hibernate4.HibernatePluginSupport$__clinit__closure1.doCall(HibernatePluginSupport.groovy:193)
	at grails.plugin.hibernate4.HibernatePluginSupport$__clinit__closure1.doCall(HibernatePluginSupport.groovy)
	at sun.reflect.NativeMethodAccessorImpl.invoke0(Native Method)
	at sun.reflect.NativeMethodAccessorImpl.invoke(NativeMethodAccessorImpl.java:62)
	at sun.reflect.DelegatingMethodAccessorImpl.invoke(DelegatingMethodAccessorImpl.java:43)
	at java.lang.reflect.Method.invoke(Method.java:498)
	at org.springsource.loaded.ri.ReflectiveInterceptor.jlrMethodInvoke(ReflectiveInterceptor.java:1270)
	at org.codehaus.groovy.reflection.CachedMethod.invoke(CachedMethod.java:90)
	at groovy.lang.MetaMethod.doMethodInvoke(MetaMethod.java:324)
	at groovy.lang.MetaClassImpl.invokeMethod(MetaClassImpl.java:1206)
	at groovy.lang.ExpandoMetaClass.invokeMethod(ExpandoMetaClass.java:1120)
	at groovy.lang.MetaClassImpl.invokeMethod(MetaClassImpl.java:1015)
	at groovy.lang.Closure.call(Closure.java:423)
	at groovy.lang.Closure.call(Closure.java:417)
	at grails.spring.BeanBuilder.invokeBeanDefiningClosure(BeanBuilder.java:754)
	at grails.spring.BeanBuilder.beans(BeanBuilder.java:584)
	at grails.spring.BeanBuilder.invokeMethod(BeanBuilder.java:527)
	at org.codehaus.groovy.grails.plugins.DefaultGrailsPlugin.doWithRuntimeConfiguration(DefaultGrailsPlugin.java:511)
	at org.codehaus.groovy.grails.plugins.AbstractGrailsPluginManager.doRuntimeConfiguration(AbstractGrailsPluginManager.java:123)
	at org.codehaus.groovy.grails.commons.spring.GrailsRuntimeConfigurator.configure(GrailsRuntimeConfigurator.java:154)
	at org.codehaus.groovy.grails.commons.spring.GrailsRuntimeConfigurator.configure(GrailsRuntimeConfigurator.java:127)
	at org.codehaus.groovy.grails.web.context.GrailsConfigUtils.configureWebApplicationContext(GrailsConfigUtils.java:126)
	at org.codehaus.groovy.grails.web.context.GrailsContextLoaderListener.initWebApplicationContext(GrailsContextLoaderListener.java:109)
	at org.springframework.web.context.ContextLoaderListener.contextInitialized(ContextLoaderListener.java:106)
	at org.apache.catalina.core.StandardContext.listenerStart(StandardContext.java:4992)
	at org.apache.catalina.core.StandardContext.startInternal(StandardContext.java:5490)
	at org.apache.catalina.util.LifecycleBase.start(LifecycleBase.java:150)
	at org.apache.catalina.core.ContainerBase$StartChild.call(ContainerBase.java:1575)
	at org.apache.catalina.core.ContainerBase$StartChild.call(ContainerBase.java:1565)
	at java.util.concurrent.FutureTask.run(FutureTask.java:266)
	at java.util.concurrent.ThreadPoolExecutor.runWorker(ThreadPoolExecutor.java:1149)
	at java.util.concurrent.ThreadPoolExecutor$Worker.run(ThreadPoolExecutor.java:624)
	at java.lang.Thread.run(Thread.java:748)
2021-03-07 07:45:51,833 [localhost-startStop-1] ERROR StackTrace  - Full Stack Trace:
java.lang.ClassNotFoundException: net.sf.ehcache.hibernate.EnCacheRegionFactory
	at java.net.URLClassLoader.findClass(URLClassLoader.java:382)
	at java.lang.ClassLoader.loadClass(ClassLoader.java:419)
	at grails.plugin.hibernate4.HibernatePluginSupport$__clinit__closure1.doCall(HibernatePluginSupport.groovy:193)
	at grails.spring.BeanBuilder.invokeBeanDefiningClosure(BeanBuilder.java:754)
	at grails.spring.BeanBuilder.beans(BeanBuilder.java:584)
	at grails.spring.BeanBuilder.invokeMethod(BeanBuilder.java:527)
	at java.util.concurrent.FutureTask.run(FutureTask.java:266)
	at java.util.concurrent.ThreadPoolExecutor.runWorker(ThreadPoolExecutor.java:1149)
	at java.util.concurrent.ThreadPoolExecutor$Worker.run(ThreadPoolExecutor.java:624)
	at java.lang.Thread.run(Thread.java:748)
2021-03-07 07:45:51,834 [localhost-startStop-1] ERROR StackTrace  - Full Stack Trace:
java.lang.ClassNotFoundException: net.sf.ehcache.hibernate.EnCacheRegionFactory
	at java.net.URLClassLoader.findClass(URLClassLoader.java:382)
	at java.lang.ClassLoader.loadClass(ClassLoader.java:419)
	at grails.plugin.hibernate4.HibernatePluginSupport$__clinit__closure1.doCall(HibernatePluginSupport.groovy:193)
	at grails.spring.BeanBuilder.invokeBeanDefiningClosure(BeanBuilder.java:754)
	at grails.spring.BeanBuilder.beans(BeanBuilder.java:584)
	at grails.spring.BeanBuilder.invokeMethod(BeanBuilder.java:527)
	at java.util.concurrent.FutureTask.run(FutureTask.java:266)
	at java.util.concurrent.ThreadPoolExecutor.runWorker(ThreadPoolExecutor.java:1149)
	at java.util.concurrent.ThreadPoolExecutor$Worker.run(ThreadPoolExecutor.java:624)
	at java.lang.Thread.run(Thread.java:748)
2021-03-07 07:45:51,835 [localhost-startStop-1] ERROR StackTrace  - Full Stack Trace:
java.lang.ClassNotFoundException: net.sf.ehcache.hibernate.EnCacheRegionFactory
	at java.net.URLClassLoader.findClass(URLClassLoader.java:382)
	at java.lang.ClassLoader.loadClass(ClassLoader.java:419)
	at grails.plugin.hibernate4.HibernatePluginSupport$__clinit__closure1.doCall(HibernatePluginSupport.groovy:193)
	at grails.spring.BeanBuilder.invokeBeanDefiningClosure(BeanBuilder.java:754)
	at grails.spring.BeanBuilder.beans(BeanBuilder.java:584)
	at grails.spring.BeanBuilder.invokeMethod(BeanBuilder.java:527)
	at java.util.concurrent.FutureTask.run(FutureTask.java:266)
	at java.util.concurrent.ThreadPoolExecutor.runWorker(ThreadPoolExecutor.java:1149)
	at java.util.concurrent.ThreadPoolExecutor$Worker.run(ThreadPoolExecutor.java:624)
	at java.lang.Thread.run(Thread.java:748)
2021-03-07 08:01:33,419 [http-bio-8080-exec-5] ERROR StackTrace  - Full Stack Trace:
com.mysql.jdbc.exceptions.jdbc4.MySQLIntegrityConstraintViolationException: Duplicate entry 'equipamento' for key 'UK_prx5elpv558ah8pk8x18u56yc'
	at sun.reflect.NativeConstructorAccessorImpl.newInstance0(Native Method)
	at sun.reflect.NativeConstructorAccessorImpl.newInstance(NativeConstructorAccessorImpl.java:62)
	at sun.reflect.DelegatingConstructorAccessorImpl.newInstance(DelegatingConstructorAccessorImpl.java:45)
	at java.lang.reflect.Constructor.newInstance(Constructor.java:423)
	at org.springsource.loaded.ri.ReflectiveInterceptor.jlrConstructorNewInstance(ReflectiveInterceptor.java:1002)
	at com.mysql.jdbc.Util.handleNewInstance(Util.java:411)
	at com.mysql.jdbc.Util.getInstance(Util.java:386)
	at com.mysql.jdbc.SQLError.createSQLException(SQLError.java:1041)
	at com.mysql.jdbc.MysqlIO.checkErrorPacket(MysqlIO.java:4237)
	at com.mysql.jdbc.MysqlIO.checkErrorPacket(MysqlIO.java:4169)
	at com.mysql.jdbc.MysqlIO.sendCommand(MysqlIO.java:2617)
	at com.mysql.jdbc.MysqlIO.sqlQueryDirect(MysqlIO.java:2778)
	at com.mysql.jdbc.ConnectionImpl.execSQL(ConnectionImpl.java:2834)
	at com.mysql.jdbc.PreparedStatement.executeInternal(PreparedStatement.java:2156)
	at com.mysql.jdbc.PreparedStatement.executeUpdate(PreparedStatement.java:2441)
	at com.mysql.jdbc.PreparedStatement.executeUpdate(PreparedStatement.java:2366)
	at com.mysql.jdbc.PreparedStatement.executeUpdate(PreparedStatement.java:2350)
	at org.hibernate.engine.jdbc.internal.ResultSetReturnImpl.executeUpdate(ResultSetReturnImpl.java:208)
	at org.hibernate.id.IdentityGenerator$GetGeneratedKeysDelegate.executeAndExtract(IdentityGenerator.java:96)
	at org.hibernate.id.insert.AbstractReturningDelegate.performInsert(AbstractReturningDelegate.java:58)
	at org.hibernate.persister.entity.AbstractEntityPersister.insert(AbstractEntityPersister.java:3032)
	at org.hibernate.persister.entity.AbstractEntityPersister.insert(AbstractEntityPersister.java:3558)
	at org.hibernate.action.internal.EntityIdentityInsertAction.execute(EntityIdentityInsertAction.java:98)
	at org.hibernate.engine.spi.ActionQueue.execute(ActionQueue.java:492)
	at org.hibernate.engine.spi.ActionQueue.addResolvedEntityInsertAction(ActionQueue.java:197)
	at org.hibernate.engine.spi.ActionQueue.addInsertAction(ActionQueue.java:181)
	at org.hibernate.engine.spi.ActionQueue.addAction(ActionQueue.java:216)
	at org.hibernate.event.internal.AbstractSaveEventListener.addInsertAction(AbstractSaveEventListener.java:324)
	at org.hibernate.event.internal.AbstractSaveEventListener.performSaveOrReplicate(AbstractSaveEventListener.java:288)
	at org.hibernate.event.internal.AbstractSaveEventListener.performSave(AbstractSaveEventListener.java:194)
	at org.hibernate.event.internal.AbstractSaveEventListener.saveWithGeneratedId(AbstractSaveEventListener.java:125)
	at org.hibernate.event.internal.DefaultSaveOrUpdateEventListener.saveWithGeneratedOrRequestedId(DefaultSaveOrUpdateEventListener.java:209)
	at org.hibernate.event.internal.DefaultSaveOrUpdateEventListener.entityIsTransient(DefaultSaveOrUpdateEventListener.java:194)
	at org.hibernate.event.internal.DefaultSaveOrUpdateEventListener.performSaveOrUpdate(DefaultSaveOrUpdateEventListener.java:114)
	at org.hibernate.event.internal.DefaultSaveOrUpdateEventListener.onSaveOrUpdate(DefaultSaveOrUpdateEventListener.java:90)
	at org.hibernate.internal.SessionImpl.fireSaveOrUpdate(SessionImpl.java:684)
	at org.hibernate.internal.SessionImpl.saveOrUpdate(SessionImpl.java:676)
	at org.hibernate.internal.SessionImpl.saveOrUpdate(SessionImpl.java:671)
	at org.codehaus.groovy.grails.orm.hibernate.metaclass.SavePersistentMethod$1.doInHibernate(SavePersistentMethod.java:58)
	at org.codehaus.groovy.grails.orm.hibernate.GrailsHibernateTemplate.doExecute(GrailsHibernateTemplate.java:188)
	at org.codehaus.groovy.grails.orm.hibernate.GrailsHibernateTemplate.execute(GrailsHibernateTemplate.java:132)
	at org.codehaus.groovy.grails.orm.hibernate.metaclass.SavePersistentMethod.performSave(SavePersistentMethod.java:56)
	at org.codehaus.groovy.grails.orm.hibernate.metaclass.AbstractSavePersistentMethod.doInvokeInternal(AbstractSavePersistentMethod.java:215)
	at org.codehaus.groovy.grails.orm.hibernate.metaclass.AbstractDynamicPersistentMethod.invoke(AbstractDynamicPersistentMethod.java:69)
	at org.codehaus.groovy.grails.orm.hibernate.HibernateGormInstanceApi.save(HibernateGormInstanceApi.groovy:196)
	at concat.Categoria.save(Categoria.groovy)
	at concat.Categoria$save$3.call(Unknown Source)
	at org.codehaus.groovy.runtime.callsite.CallSiteArray.defaultCall(CallSiteArray.java:45)
	at org.codehaus.groovy.runtime.callsite.AbstractCallSite.call(AbstractCallSite.java:108)
	at org.codehaus.groovy.runtime.callsite.AbstractCallSite.call(AbstractCallSite.java:116)
	at concat.CategoriaController.$tt__save(script1615114025488704347736.groovy:38)
	at concat.CategoriaController$_save_closure4.doCall(script1615114025488704347736.groovy)
	at sun.reflect.NativeMethodAccessorImpl.invoke0(Native Method)
	at sun.reflect.NativeMethodAccessorImpl.invoke(NativeMethodAccessorImpl.java:62)
	at sun.reflect.DelegatingMethodAccessorImpl.invoke(DelegatingMethodAccessorImpl.java:43)
	at java.lang.reflect.Method.invoke(Method.java:498)
	at org.springsource.loaded.ri.ReflectiveInterceptor.jlrMethodInvoke(ReflectiveInterceptor.java:1270)
	at org.codehaus.groovy.reflection.CachedMethod.invoke(CachedMethod.java:90)
	at groovy.lang.MetaMethod.doMethodInvoke(MetaMethod.java:324)
	at groovy.lang.MetaClassImpl.invokeMethod(MetaClassImpl.java:1206)
	at groovy.lang.ExpandoMetaClass.invokeMethod(ExpandoMetaClass.java:1120)
	at groovy.lang.MetaClassImpl.invokeMethod(MetaClassImpl.java:1015)
	at groovy.lang.Closure.call(Closure.java:423)
	at concat.CategoriaController$_save_closure4.call(script1615114025488704347736.groovy)
	at groovy.lang.Closure.call(Closure.java:439)
	at concat.CategoriaController$_save_closure4.call(script1615114025488704347736.groovy)
	at org.codehaus.groovy.grails.orm.support.GrailsTransactionTemplate$2.doInTransaction(GrailsTransactionTemplate.groovy:90)
	at org.springframework.transaction.support.TransactionTemplate.execute(TransactionTemplate.java:133)
	at org.codehaus.groovy.grails.orm.support.GrailsTransactionTemplate.execute(GrailsTransactionTemplate.groovy:87)
	at concat.CategoriaController.save(script1615114025488704347736.groovy)
	at concat.CategoriaController.save(script1615114025488704347736.groovy)
	at sun.reflect.NativeMethodAccessorImpl.invoke0(Native Method)
	at sun.reflect.NativeMethodAccessorImpl.invoke(NativeMethodAccessorImpl.java:62)
	at sun.reflect.DelegatingMethodAccessorImpl.invoke(DelegatingMethodAccessorImpl.java:43)
	at java.lang.reflect.Method.invoke(Method.java:498)
	at org.springsource.loaded.ri.ReflectiveInterceptor.jlrMethodInvoke(ReflectiveInterceptor.java:1270)
	at org.codehaus.groovy.reflection.CachedMethod.invoke(CachedMethod.java:90)
	at groovy.lang.MetaMethod.doMethodInvoke(MetaMethod.java:324)
	at groovy.lang.MetaClassImpl.invokeMethod(MetaClassImpl.java:1206)
	at groovy.lang.ExpandoMetaClass.invokeMethod(ExpandoMetaClass.java:1120)
	at groovy.lang.MetaClassImpl.invokeMethod(MetaClassImpl.java:1073)
	at groovy.lang.ExpandoMetaClass.invokeMethod(ExpandoMetaClass.java:1120)
	at groovy.lang.MetaClassImpl.invokeMethod(MetaClassImpl.java:1015)
	at groovy.lang.Closure.call(Closure.java:423)
	at groovy.lang.Closure.call(Closure.java:417)
	at org.codehaus.groovy.grails.web.servlet.mvc.MixedGrailsControllerHelper.invoke(MixedGrailsControllerHelper.java:156)
	at org.codehaus.groovy.grails.web.servlet.mvc.AbstractGrailsControllerHelper.handleAction(AbstractGrailsControllerHelper.java:375)
	at org.codehaus.groovy.grails.web.servlet.mvc.AbstractGrailsControllerHelper.executeAction(AbstractGrailsControllerHelper.java:252)
	at org.codehaus.groovy.grails.web.servlet.mvc.AbstractGrailsControllerHelper.handleURI(AbstractGrailsControllerHelper.java:205)
	at org.codehaus.groovy.grails.web.servlet.mvc.AbstractGrailsControllerHelper.handleURI(AbstractGrailsControllerHelper.java:126)
	at org.codehaus.groovy.grails.web.servlet.mvc.SimpleGrailsController.handleRequest(SimpleGrailsController.java:72)
	at org.springframework.web.servlet.mvc.SimpleControllerHandlerAdapter.handle(SimpleControllerHandlerAdapter.java:50)
	at org.codehaus.groovy.grails.web.servlet.GrailsDispatcherServlet.doDispatch(GrailsDispatcherServlet.java:347)
	at org.springframework.web.servlet.DispatcherServlet.doService(DispatcherServlet.java:870)
	at org.springframework.web.servlet.FrameworkServlet.processRequest(FrameworkServlet.java:961)
	at org.springframework.web.servlet.FrameworkServlet.doPost(FrameworkServlet.java:863)
	at javax.servlet.http.HttpServlet.service(HttpServlet.java:646)
	at org.springframework.web.servlet.FrameworkServlet.service(FrameworkServlet.java:837)
	at javax.servlet.http.HttpServlet.service(HttpServlet.java:727)
	at org.apache.catalina.core.ApplicationFilterChain.internalDoFilter(ApplicationFilterChain.java:303)
	at org.apache.catalina.core.ApplicationFilterChain.doFilter(ApplicationFilterChain.java:208)
	at org.apache.tomcat.websocket.server.WsFilter.doFilter(WsFilter.java:52)
	at org.apache.catalina.core.ApplicationFilterChain.internalDoFilter(ApplicationFilterChain.java:241)
	at org.apache.catalina.core.ApplicationFilterChain.doFilter(ApplicationFilterChain.java:208)
	at grails.plugin.cache.web.filter.PageFragmentCachingFilter.doFilter(PageFragmentCachingFilter.java:189)
	at grails.plugin.cache.web.filter.AbstractFilter.doFilter(AbstractFilter.java:63)
	at org.springframework.web.filter.DelegatingFilterProxy.invokeDelegate(DelegatingFilterProxy.java:344)
	at org.springframework.web.filter.DelegatingFilterProxy.doFilter(DelegatingFilterProxy.java:261)
	at org.apache.catalina.core.ApplicationFilterChain.internalDoFilter(ApplicationFilterChain.java:241)
	at org.apache.catalina.core.ApplicationFilterChain.doFilter(ApplicationFilterChain.java:208)
	at org.springframework.web.filter.OncePerRequestFilter.doFilter(OncePerRequestFilter.java:101)
	at org.apache.catalina.core.ApplicationFilterChain.internalDoFilter(ApplicationFilterChain.java:241)
	at org.apache.catalina.core.ApplicationFilterChain.doFilter(ApplicationFilterChain.java:208)
	at org.springframework.web.filter.OncePerRequestFilter.doFilter(OncePerRequestFilter.java:101)
	at org.apache.catalina.core.ApplicationFilterChain.internalDoFilter(ApplicationFilterChain.java:241)
	at org.apache.catalina.core.ApplicationFilterChain.doFilter(ApplicationFilterChain.java:208)
	at org.springframework.web.filter.OncePerRequestFilter.doFilter(OncePerRequestFilter.java:101)
	at org.apache.catalina.core.ApplicationFilterChain.internalDoFilter(ApplicationFilterChain.java:241)
	at org.apache.catalina.core.ApplicationFilterChain.doFilter(ApplicationFilterChain.java:208)
	at org.apache.catalina.core.ApplicationDispatcher.invoke(ApplicationDispatcher.java:748)
	at org.apache.catalina.core.ApplicationDispatcher.processRequest(ApplicationDispatcher.java:486)
	at org.apache.catalina.core.ApplicationDispatcher.doForward(ApplicationDispatcher.java:411)
	at org.apache.catalina.core.ApplicationDispatcher.forward(ApplicationDispatcher.java:338)
	at org.codehaus.groovy.grails.web.mapping.UrlMappingUtils.forwardRequestForUrlMappingInfo(UrlMappingUtils.java:178)
	at org.codehaus.groovy.grails.web.mapping.UrlMappingUtils.forwardRequestForUrlMappingInfo(UrlMappingUtils.java:144)
	at org.codehaus.groovy.grails.web.mapping.UrlMappingUtils.forwardRequestForUrlMappingInfo(UrlMappingUtils.java:135)
	at org.codehaus.groovy.grails.web.mapping.filter.UrlMappingsFilter.doFilterInternal(UrlMappingsFilter.java:216)
	at org.springframework.web.filter.OncePerRequestFilter.doFilter(OncePerRequestFilter.java:107)
	at org.apache.catalina.core.ApplicationFilterChain.internalDoFilter(ApplicationFilterChain.java:241)
	at org.apache.catalina.core.ApplicationFilterChain.doFilter(ApplicationFilterChain.java:208)
	at org.codehaus.groovy.grails.web.servlet.mvc.GrailsWebRequestFilter.doFilterInternal(GrailsWebRequestFilter.java:69)
	at org.springframework.web.filter.OncePerRequestFilter.doFilter(OncePerRequestFilter.java:107)
	at org.apache.catalina.core.ApplicationFilterChain.internalDoFilter(ApplicationFilterChain.java:241)
	at org.apache.catalina.core.ApplicationFilterChain.doFilter(ApplicationFilterChain.java:208)
	at org.codehaus.groovy.grails.web.filters.HiddenHttpMethodFilter.doFilterInternal(HiddenHttpMethodFilter.java:67)
	at org.springframework.web.filter.OncePerRequestFilter.doFilter(OncePerRequestFilter.java:107)
	at org.apache.catalina.core.ApplicationFilterChain.internalDoFilter(ApplicationFilterChain.java:241)
	at org.apache.catalina.core.ApplicationFilterChain.doFilter(ApplicationFilterChain.java:208)
	at org.springframework.web.filter.CharacterEncodingFilter.doFilterInternal(CharacterEncodingFilter.java:88)
	at org.springframework.web.filter.OncePerRequestFilter.doFilter(OncePerRequestFilter.java:107)
	at org.springframework.web.filter.DelegatingFilterProxy.invokeDelegate(DelegatingFilterProxy.java:344)
	at org.springframework.web.filter.DelegatingFilterProxy.doFilter(DelegatingFilterProxy.java:261)
	at org.apache.catalina.core.ApplicationFilterChain.internalDoFilter(ApplicationFilterChain.java:241)
	at org.apache.catalina.core.ApplicationFilterChain.doFilter(ApplicationFilterChain.java:208)
	at org.apache.catalina.core.StandardWrapperValve.invoke(StandardWrapperValve.java:220)
	at org.apache.catalina.core.StandardContextValve.invoke(StandardContextValve.java:122)
	at org.apache.catalina.core.StandardHostValve.invoke(StandardHostValve.java:171)
	at org.apache.catalina.valves.ErrorReportValve.invoke(ErrorReportValve.java:103)
	at org.apache.catalina.core.StandardEngineValve.invoke(StandardEngineValve.java:116)
	at org.apache.catalina.connector.CoyoteAdapter.service(CoyoteAdapter.java:408)
	at org.apache.coyote.http11.AbstractHttp11Processor.process(AbstractHttp11Processor.java:1070)
	at org.apache.coyote.AbstractProtocol$AbstractConnectionHandler.process(AbstractProtocol.java:611)
	at org.apache.tomcat.util.net.JIoEndpoint$SocketProcessor.run(JIoEndpoint.java:314)
	at java.util.concurrent.ThreadPoolExecutor.runWorker(ThreadPoolExecutor.java:1149)
	at java.util.concurrent.ThreadPoolExecutor$Worker.run(ThreadPoolExecutor.java:624)
	at org.apache.tomcat.util.threads.TaskThread$WrappingRunnable.run(TaskThread.java:61)
	at java.lang.Thread.run(Thread.java:748)
2021-03-07 08:01:33,506 [http-bio-8080-exec-5] ERROR StackTrace  - Full Stack Trace:
com.mysql.jdbc.exceptions.jdbc4.MySQLIntegrityConstraintViolationException: Duplicate entry 'equipamento' for key 'UK_prx5elpv558ah8pk8x18u56yc'
	at com.mysql.jdbc.Util.handleNewInstance(Util.java:411)
	at com.mysql.jdbc.Util.getInstance(Util.java:386)
	at com.mysql.jdbc.SQLError.createSQLException(SQLError.java:1041)
	at com.mysql.jdbc.MysqlIO.checkErrorPacket(MysqlIO.java:4237)
	at com.mysql.jdbc.MysqlIO.checkErrorPacket(MysqlIO.java:4169)
	at com.mysql.jdbc.MysqlIO.sendCommand(MysqlIO.java:2617)
	at com.mysql.jdbc.MysqlIO.sqlQueryDirect(MysqlIO.java:2778)
	at com.mysql.jdbc.ConnectionImpl.execSQL(ConnectionImpl.java:2834)
	at com.mysql.jdbc.PreparedStatement.executeInternal(PreparedStatement.java:2156)
	at com.mysql.jdbc.PreparedStatement.executeUpdate(PreparedStatement.java:2441)
	at com.mysql.jdbc.PreparedStatement.executeUpdate(PreparedStatement.java:2366)
	at com.mysql.jdbc.PreparedStatement.executeUpdate(PreparedStatement.java:2350)
	at concat.CategoriaController.$tt__save(script1615114025488704347736.groovy:38)
	at grails.plugin.cache.web.filter.PageFragmentCachingFilter.doFilter(PageFragmentCachingFilter.java:189)
	at grails.plugin.cache.web.filter.AbstractFilter.doFilter(AbstractFilter.java:63)
	at java.util.concurrent.ThreadPoolExecutor.runWorker(ThreadPoolExecutor.java:1149)
	at java.util.concurrent.ThreadPoolExecutor$Worker.run(ThreadPoolExecutor.java:624)
	at java.lang.Thread.run(Thread.java:748)
2021-03-07 08:01:34,050 [http-bio-8080-exec-5] ERROR StackTrace  - Full Stack Trace:
com.mysql.jdbc.exceptions.jdbc4.MySQLIntegrityConstraintViolationException: Duplicate entry 'equipamento' for key 'UK_prx5elpv558ah8pk8x18u56yc'
	at com.mysql.jdbc.Util.handleNewInstance(Util.java:411)
	at com.mysql.jdbc.Util.getInstance(Util.java:386)
	at com.mysql.jdbc.SQLError.createSQLException(SQLError.java:1041)
	at com.mysql.jdbc.MysqlIO.checkErrorPacket(MysqlIO.java:4237)
	at com.mysql.jdbc.MysqlIO.checkErrorPacket(MysqlIO.java:4169)
	at com.mysql.jdbc.MysqlIO.sendCommand(MysqlIO.java:2617)
	at com.mysql.jdbc.MysqlIO.sqlQueryDirect(MysqlIO.java:2778)
	at com.mysql.jdbc.ConnectionImpl.execSQL(ConnectionImpl.java:2834)
	at com.mysql.jdbc.PreparedStatement.executeInternal(PreparedStatement.java:2156)
	at com.mysql.jdbc.PreparedStatement.executeUpdate(PreparedStatement.java:2441)
	at com.mysql.jdbc.PreparedStatement.executeUpdate(PreparedStatement.java:2366)
	at com.mysql.jdbc.PreparedStatement.executeUpdate(PreparedStatement.java:2350)
	at concat.CategoriaController.$tt__save(script1615114025488704347736.groovy:38)
	at grails.plugin.cache.web.filter.PageFragmentCachingFilter.doFilter(PageFragmentCachingFilter.java:189)
	at grails.plugin.cache.web.filter.AbstractFilter.doFilter(AbstractFilter.java:63)
	at java.util.concurrent.ThreadPoolExecutor.runWorker(ThreadPoolExecutor.java:1149)
	at java.util.concurrent.ThreadPoolExecutor$Worker.run(ThreadPoolExecutor.java:624)
	at java.lang.Thread.run(Thread.java:748)
2021-03-07 08:01:34,051 [http-bio-8080-exec-5] ERROR StackTrace  - Full Stack Trace:
com.mysql.jdbc.exceptions.jdbc4.MySQLIntegrityConstraintViolationException: Duplicate entry 'equipamento' for key 'UK_prx5elpv558ah8pk8x18u56yc'
	at com.mysql.jdbc.Util.handleNewInstance(Util.java:411)
	at com.mysql.jdbc.Util.getInstance(Util.java:386)
	at com.mysql.jdbc.SQLError.createSQLException(SQLError.java:1041)
	at com.mysql.jdbc.MysqlIO.checkErrorPacket(MysqlIO.java:4237)
	at com.mysql.jdbc.MysqlIO.checkErrorPacket(MysqlIO.java:4169)
	at com.mysql.jdbc.MysqlIO.sendCommand(MysqlIO.java:2617)
	at com.mysql.jdbc.MysqlIO.sqlQueryDirect(MysqlIO.java:2778)
	at com.mysql.jdbc.ConnectionImpl.execSQL(ConnectionImpl.java:2834)
	at com.mysql.jdbc.PreparedStatement.executeInternal(PreparedStatement.java:2156)
	at com.mysql.jdbc.PreparedStatement.executeUpdate(PreparedStatement.java:2441)
	at com.mysql.jdbc.PreparedStatement.executeUpdate(PreparedStatement.java:2366)
	at com.mysql.jdbc.PreparedStatement.executeUpdate(PreparedStatement.java:2350)
	at concat.CategoriaController.$tt__save(script1615114025488704347736.groovy:38)
	at grails.plugin.cache.web.filter.PageFragmentCachingFilter.doFilter(PageFragmentCachingFilter.java:189)
	at grails.plugin.cache.web.filter.AbstractFilter.doFilter(AbstractFilter.java:63)
	at java.util.concurrent.ThreadPoolExecutor.runWorker(ThreadPoolExecutor.java:1149)
	at java.util.concurrent.ThreadPoolExecutor$Worker.run(ThreadPoolExecutor.java:624)
	at java.lang.Thread.run(Thread.java:748)
2021-03-07 08:01:34,053 [http-bio-8080-exec-5] ERROR StackTrace  - Full Stack Trace:
com.mysql.jdbc.exceptions.jdbc4.MySQLIntegrityConstraintViolationException: Duplicate entry 'equipamento' for key 'UK_prx5elpv558ah8pk8x18u56yc'
	at com.mysql.jdbc.Util.handleNewInstance(Util.java:411)
	at com.mysql.jdbc.Util.getInstance(Util.java:386)
	at com.mysql.jdbc.SQLError.createSQLException(SQLError.java:1041)
	at com.mysql.jdbc.MysqlIO.checkErrorPacket(MysqlIO.java:4237)
	at com.mysql.jdbc.MysqlIO.checkErrorPacket(MysqlIO.java:4169)
	at com.mysql.jdbc.MysqlIO.sendCommand(MysqlIO.java:2617)
	at com.mysql.jdbc.MysqlIO.sqlQueryDirect(MysqlIO.java:2778)
	at com.mysql.jdbc.ConnectionImpl.execSQL(ConnectionImpl.java:2834)
	at com.mysql.jdbc.PreparedStatement.executeInternal(PreparedStatement.java:2156)
	at com.mysql.jdbc.PreparedStatement.executeUpdate(PreparedStatement.java:2441)
	at com.mysql.jdbc.PreparedStatement.executeUpdate(PreparedStatement.java:2366)
	at com.mysql.jdbc.PreparedStatement.executeUpdate(PreparedStatement.java:2350)
	at concat.CategoriaController.$tt__save(script1615114025488704347736.groovy:38)
	at grails.plugin.cache.web.filter.PageFragmentCachingFilter.doFilter(PageFragmentCachingFilter.java:189)
	at grails.plugin.cache.web.filter.AbstractFilter.doFilter(AbstractFilter.java:63)
	at java.util.concurrent.ThreadPoolExecutor.runWorker(ThreadPoolExecutor.java:1149)
	at java.util.concurrent.ThreadPoolExecutor$Worker.run(ThreadPoolExecutor.java:624)
	at java.lang.Thread.run(Thread.java:748)
2021-03-07 08:01:34,054 [http-bio-8080-exec-5] ERROR StackTrace  - Full Stack Trace:
com.mysql.jdbc.exceptions.jdbc4.MySQLIntegrityConstraintViolationException: Duplicate entry 'equipamento' for key 'UK_prx5elpv558ah8pk8x18u56yc'
	at com.mysql.jdbc.Util.handleNewInstance(Util.java:411)
	at com.mysql.jdbc.Util.getInstance(Util.java:386)
	at com.mysql.jdbc.SQLError.createSQLException(SQLError.java:1041)
	at com.mysql.jdbc.MysqlIO.checkErrorPacket(MysqlIO.java:4237)
	at com.mysql.jdbc.MysqlIO.checkErrorPacket(MysqlIO.java:4169)
	at com.mysql.jdbc.MysqlIO.sendCommand(MysqlIO.java:2617)
	at com.mysql.jdbc.MysqlIO.sqlQueryDirect(MysqlIO.java:2778)
	at com.mysql.jdbc.ConnectionImpl.execSQL(ConnectionImpl.java:2834)
	at com.mysql.jdbc.PreparedStatement.executeInternal(PreparedStatement.java:2156)
	at com.mysql.jdbc.PreparedStatement.executeUpdate(PreparedStatement.java:2441)
	at com.mysql.jdbc.PreparedStatement.executeUpdate(PreparedStatement.java:2366)
	at com.mysql.jdbc.PreparedStatement.executeUpdate(PreparedStatement.java:2350)
	at concat.CategoriaController.$tt__save(script1615114025488704347736.groovy:38)
	at grails.plugin.cache.web.filter.PageFragmentCachingFilter.doFilter(PageFragmentCachingFilter.java:189)
	at grails.plugin.cache.web.filter.AbstractFilter.doFilter(AbstractFilter.java:63)
	at java.util.concurrent.ThreadPoolExecutor.runWorker(ThreadPoolExecutor.java:1149)
	at java.util.concurrent.ThreadPoolExecutor$Worker.run(ThreadPoolExecutor.java:624)
	at java.lang.Thread.run(Thread.java:748)
